nohup: ignoring input
/home/gowth/photon_cure/venv/lib/python3.12/site-packages/razorpay/client.py:4: UserWarning: pkg_resources is deprecated as an API. See https://setuptools.pypa.io/en/latest/pkg_resources.html. The pkg_resources package is slated for removal as early as 2025-11-30. Refrain from using this package or pin to Setuptools<81.
  import pkg_resources
 
 -------------- celery@GowPC v5.5.3 (immunity)
--- ***** ----- 
-- ******* ---- Linux-6.6.87.2-microsoft-standard-WSL2-x86_64-with-glibc2.39 2025-07-29 19:00:28
- *** --- * --- 
- ** ---------- [config]
- ** ---------- .> app:         photon_cure:0x77da9feac590
- ** ---------- .> transport:   redis://localhost:6379/0
- ** ---------- .> results:     disabled://
- *** --- * --- .> concurrency: 16 (prefork)
-- ******* ---- .> task events: OFF (enable -E to monitor tasks in this worker)
--- ***** ----- 
 -------------- [queues]
                .> celery           exchange=celery(direct) key=celery
                

[tasks]
  . accounts.tasks.send_welcome_email_task
  . photon_cure.celery.debug_task

[2025-07-29 19:00:29,326: INFO/MainProcess] Connected to redis://localhost:6379/0
[2025-07-29 19:00:29,328: INFO/MainProcess] mingle: searching for neighbors
[2025-07-29 19:00:30,336: INFO/MainProcess] mingle: all alone
[2025-07-29 19:00:30,354: INFO/MainProcess] celery@GowPC ready.
